build/outputs/logs/manifest-merger-debug-report.txt
-- Merging decision tree log ---
manifest
ADDED from AndroidStudioProjects\BookNotes\AndroidManifest.xml:2:1-85:12
	package
		ADDED from AndroidStudioProjects\BookNotes\AndroidManifest.xml:3:5-38
	android:versionName
		ADDED from AndroidStudioProjects\BookNotes\AndroidManifest.xml:6:5-30
		INJECTED from AndroidStudioProjects\BookNotes\AndroidManifest.xml
		INJECTED from AndroidStudioProjects\BookNotes\AndroidManifest.xml
	android:versionCode
		ADDED from AndroidStudioProjects\BookNotes\AndroidManifest.xml:5:5-28
		INJECTED from AndroidStudioProjects\BookNotes\AndroidManifest.xml
		INJECTED from AndroidStudioProjects\BookNotes\AndroidManifest.xml
	xmlns:android
		ADDED from AndroidStudioProjects\BookNotes\AndroidManifest.xml:2:11-69
	android:installLocation
		ADDED from AndroidStudioProjects\BookNotes\AndroidManifest.xml:4:5-45
uses-feature#android.hardware.camera
ADDED from AndroidStudioProjects\BookNotes\AndroidManifest.xml:8:5-10:35
	android:required
		ADDED from AndroidStudioProjects\BookNotes\AndroidManifest.xml:10:9-32
	android:name
		ADDED from AndroidStudioProjects\BookNotes\AndroidManifest.xml:9:9-47
uses-permission#android.permission.READ_EXTERNAL_STORAGE
ADDED from AndroidStudioProjects\BookNotes\AndroidManifest.xml:12:5-80
	android:name
		ADDED from AndroidStudioProjects\BookNotes\AndroidManifest.xml:12:22-77
uses-permission#android.permission.WRITE_EXTERNAL_STORAGE
ADDED from AndroidStudioProjects\BookNotes\AndroidManifest.xml:13:5-81
	android:name
		ADDED from AndroidStudioProjects\BookNotes\AndroidManifest.xml:13:22-78
uses-sdk
ADDED from AndroidStudioProjects\BookNotes\AndroidManifest.xml:15:5-17:41
MERGED from [com.android.support:appcompat-v7:21.0.3] AndroidManifest.xml:15:5-42
MERGED from [com.android.support:recyclerview-v7:21.0.3] AndroidManifest.xml:15:5-42
	android:targetSdkVersion
		ADDED from AndroidStudioProjects\BookNotes\AndroidManifest.xml:17:9-38
	android:minSdkVersion
		ADDED from AndroidStudioProjects\BookNotes\AndroidManifest.xml:16:9-35
application
ADDED from AndroidStudioProjects\BookNotes\AndroidManifest.xml:19:5-83:19
MERGED from [com.android.support:appcompat-v7:21.0.3] AndroidManifest.xml:16:5-19
MERGED from [com.android.support:recyclerview-v7:21.0.3] AndroidManifest.xml:17:5-19:19
	android:label
		ADDED from AndroidStudioProjects\BookNotes\AndroidManifest.xml:22:9-41
	android:allowBackup
		ADDED from AndroidStudioProjects\BookNotes\AndroidManifest.xml:20:9-35
	android:icon
		ADDED from AndroidStudioProjects\BookNotes\AndroidManifest.xml:21:9-41
	android:theme
		ADDED from AndroidStudioProjects\BookNotes\AndroidManifest.xml:23:9-40
activity#it.thefedex87.booknotes.books.BooksListActivity
ADDED from AndroidStudioProjects\BookNotes\AndroidManifest.xml:24:9-37:20
	android:label
		ADDED from AndroidStudioProjects\BookNotes\AndroidManifest.xml:26:13-45
	android:windowSoftInputMode
		ADDED from AndroidStudioProjects\BookNotes\AndroidManifest.xml:27:13-60
	android:name
		ADDED from AndroidStudioProjects\BookNotes\AndroidManifest.xml:25:13-52
intent-filter#android.intent.action.MAIN+android.intent.category.LAUNCHER
ADDED from AndroidStudioProjects\BookNotes\AndroidManifest.xml:28:13-32:29
action#android.intent.action.MAIN
ADDED from AndroidStudioProjects\BookNotes\AndroidManifest.xml:29:17-69
	android:name
		ADDED from AndroidStudioProjects\BookNotes\AndroidManifest.xml:29:25-66
category#android.intent.category.LAUNCHER
ADDED from AndroidStudioProjects\BookNotes\AndroidManifest.xml:31:17-77
	android:name
		ADDED from AndroidStudioProjects\BookNotes\AndroidManifest.xml:31:27-74
meta-data#android.app.default_searchable
ADDED from AndroidStudioProjects\BookNotes\AndroidManifest.xml:34:13-36:74
	android:value
		ADDED from AndroidStudioProjects\BookNotes\AndroidManifest.xml:36:17-71
	android:name
		ADDED from AndroidStudioProjects\BookNotes\AndroidManifest.xml:35:17-62
activity#it.thefedex87.booknotes.arguments.ArgumentsListActivity
ADDED from AndroidStudioProjects\BookNotes\AndroidManifest.xml:38:9-50:20
	android:label
		ADDED from AndroidStudioProjects\BookNotes\AndroidManifest.xml:40:13-66
	android:parentActivityName
		ADDED from AndroidStudioProjects\BookNotes\AndroidManifest.xml:42:13-66
	android:launchMode
		ADDED from AndroidStudioProjects\BookNotes\AndroidManifest.xml:41:13-43
	android:windowSoftInputMode
		ADDED from AndroidStudioProjects\BookNotes\AndroidManifest.xml:43:13-60
	android:name
		ADDED from AndroidStudioProjects\BookNotes\AndroidManifest.xml:39:13-60
meta-data#android.support.PARENT_ACTIVITY
ADDED from AndroidStudioProjects\BookNotes\AndroidManifest.xml:44:13-46:60
	android:value
		ADDED from AndroidStudioProjects\BookNotes\AndroidManifest.xml:46:17-57
	android:name
		ADDED from AndroidStudioProjects\BookNotes\AndroidManifest.xml:45:17-63
activity#it.thefedex87.booknotes.note.NotesListActivity
ADDED from AndroidStudioProjects\BookNotes\AndroidManifest.xml:51:9-63:20
	android:label
		ADDED from AndroidStudioProjects\BookNotes\AndroidManifest.xml:53:13-62
	android:windowSoftInputMode
		ADDED from AndroidStudioProjects\BookNotes\AndroidManifest.xml:54:13-60
	android:name
		ADDED from AndroidStudioProjects\BookNotes\AndroidManifest.xml:52:13-51
activity#it.thefedex87.booknotes.SearchActivity
ADDED from AndroidStudioProjects\BookNotes\AndroidManifest.xml:64:9-78:20
	android:label
		ADDED from AndroidStudioProjects\BookNotes\AndroidManifest.xml:66:13-58
	android:name
		ADDED from AndroidStudioProjects\BookNotes\AndroidManifest.xml:65:13-43
intent-filter#android.intent.action.SEARCH
ADDED from AndroidStudioProjects\BookNotes\AndroidManifest.xml:67:13-69:29
action#android.intent.action.SEARCH
ADDED from AndroidStudioProjects\BookNotes\AndroidManifest.xml:68:17-71
	android:name
		ADDED from AndroidStudioProjects\BookNotes\AndroidManifest.xml:68:25-68
intent-filter#android.intent.action.VIEW
ADDED from AndroidStudioProjects\BookNotes\AndroidManifest.xml:70:13-72:29
action#android.intent.action.VIEW
ADDED from AndroidStudioProjects\BookNotes\AndroidManifest.xml:71:17-69
	android:name
		ADDED from AndroidStudioProjects\BookNotes\AndroidManifest.xml:71:25-66
meta-data#android.app.searchable
ADDED from AndroidStudioProjects\BookNotes\AndroidManifest.xml:74:13-77:74
	android:resource
		ADDED from AndroidStudioProjects\BookNotes\AndroidManifest.xml:76:17-51
	android:value
		ADDED from AndroidStudioProjects\BookNotes\AndroidManifest.xml:77:17-71
	android:name
		ADDED from AndroidStudioProjects\BookNotes\AndroidManifest.xml:75:17-54
activity#it.thefedex87.booknotes.SlidingTabLayoutTest
ADDED from AndroidStudioProjects\BookNotes\AndroidManifest.xml:79:9-82:20
	android:label
		ADDED from AndroidStudioProjects\BookNotes\AndroidManifest.xml:81:13-75
	android:name
		ADDED from AndroidStudioProjects\BookNotes\AndroidManifest.xml:80:13-49
activity#android.support.v7.widget.TestActivity
ADDED from [com.android.support:recyclerview-v7:21.0.3] AndroidManifest.xml:18:9-115
	android:label
		ADDED from [com.android.support:recyclerview-v7:21.0.3] AndroidManifest.xml:18:19-59
	android:name
		ADDED from [com.android.support:recyclerview-v7:21.0.3] AndroidManifest.xml:18:60-113